<?xml version="1.0" encoding="UTF-8"?>
<testng-results ignored="0" total="1" passed="1" failed="0" skipped="0">
  <reporter-output>
  </reporter-output>
  <suite started-at="2025-04-09T13:49:14 IST" name="Default suite" finished-at="2025-04-09T13:49:17 IST" duration-ms="2390">
    <groups>
    </groups>
    <test started-at="2025-04-09T13:49:14 IST" name="Default test" finished-at="2025-04-09T13:49:17 IST" duration-ms="2390">
      <class name="testScripts.ConduitTest">
        <test-method is-config="true" signature="setUp()[pri:0, instance:testScripts.ConduitTest@5990e6c5]" started-at="2025-04-09T13:49:14 IST" name="setUp" finished-at="2025-04-09T13:49:16 IST" duration-ms="1240" status="PASS">
          <reporter-output>
          </reporter-output>
        </test-method> <!-- setUp -->
        <test-method signature="newArticleTest()[pri:1, instance:testScripts.ConduitTest@5990e6c5]" started-at="2025-04-09T13:49:16 IST" name="newArticleTest" finished-at="2025-04-09T13:49:16 IST" duration-ms="870" status="PASS">
          <reporter-output>
          </reporter-output>
        </test-method> <!-- newArticleTest -->
        <test-method is-config="true" signature="tearDown()[pri:0, instance:testScripts.ConduitTest@5990e6c5]" started-at="2025-04-09T13:49:16 IST" name="tearDown" finished-at="2025-04-09T13:49:17 IST" duration-ms="213" status="PASS">
          <reporter-output>
          </reporter-output>
        </test-method> <!-- tearDown -->
      </class> <!-- testScripts.ConduitTest -->
    </test> <!-- Default test -->
  </suite> <!-- Default suite -->
</testng-results>
